<?xml version="1.0" encoding="UTF-8"?>
<testsuite xmlns:xsi="http://www.w3.org/2001/XMLSchema-instance" xsi:noNamespaceSchemaLocation="https://maven.apache.org/surefire/maven-surefire-plugin/xsd/surefire-test-report-3.0.xsd" version="3.0" name="runners.RunCucumberTest" time="0.658" tests="3" errors="0" skipped="0" failures="0">
  <properties>
[...]
</properties>
  <testcase name="Sunday isn&apos;t Friday #1" classname="Is it Friday yet?" time="0.14"/>
  <testcase name="Sunday isn&apos;t Friday #2" classname="Is it Friday yet?" time="0.003"/>
  <testcase name="Sunday isn&apos;t Friday #3" classname="Is it Friday yet?" time="0.004"/>
</testsuite>